[0mGET / [32m200[0m 239.135 ms - 7363[0m
[0mGET /js/home_post_comments.js [33m404[0m 20.516 ms - 163[0m
[0mGET /favicon.ico [33m404[0m 5.676 ms - 150[0m
[0mGET / [36m304[0m 31.273 ms - -[0m
[0mGET /js/home_post_comments.js [33m404[0m 4.405 ms - 163[0m
[0mGET / [36m304[0m 30.112 ms - -[0m
[0mGET /js/home_post_comments.js [33m404[0m 8.471 ms - 163[0m
[0mGET /users/sign-in [36m304[0m 8.714 ms - -[0m
[0mGET /users/auth/google [36m302[0m 7.726 ms - 0[0m
[0mGET /users/auth/google/callback?code=4%2F0AZEOvhWQBtRh95Gv2CpkW3R1snlO8RNoqK2iaqLx9FjNa2Yxu3A4Dp8XUB9KkY2AktF4IQ&scope=email+profile+https%3A%2F%2Fwww.googleapis.com%2Fauth%2Fuserinfo.profile+https%3A%2F%2Fwww.googleapis.com%2Fauth%2Fuserinfo.email+openid&authuser=0&prompt=consent [36m302[0m 712.219 ms - 46[0m
[0mGET / [32m200[0m 42.532 ms - 10400[0m
[0mGET /js/home_post_comments.js [33m404[0m 10.695 ms - 163[0m
[0mGET / [32m200[0m 130.269 ms - 10097[0m
[0mGET /js/home_post_comments.js [33m404[0m 22.831 ms - 163[0m
[0mGET / [36m304[0m 49.721 ms - -[0m
[0mGET /js/home_post_comments.js [33m404[0m 16.223 ms - 163[0m
[0mGET / [36m304[0m 57.572 ms - -[0m
[0mGET /js/home_post_comments.js [33m404[0m 12.459 ms - 163[0m
[0mGET /users/sign-out [36m302[0m 28.219 ms - 46[0m
[0mGET / [32m200[0m 29.447 ms - 7663[0m
[0mGET /js/home_post_comments.js [33m404[0m 9.903 ms - 163[0m
[0mGET / [32m200[0m 56.115 ms - 7363[0m
[0mGET /js/home_post_comments.js [33m404[0m 6.750 ms - 163[0m
[0mGET /favicon.ico [33m404[0m 2.882 ms - 150[0m
[0mGET /users/sign-in [36m304[0m 8.929 ms - -[0m
[0mGET / [32m200[0m 179.121 ms - 7363[0m
[0mGET /js/home_post_comments.js [33m404[0m 12.434 ms - 163[0m
[0mGET /favicon.ico [33m404[0m 5.037 ms - 150[0m
[0mGET /users/sign-in [32m200[0m 10.386 ms - 3872[0m
[0mGET /users/auth/google [36m302[0m 7.679 ms - 0[0m
[0mGET /users/auth/google/callback?code=4%2F0AZEOvhUgc1Tct780hXQoa0g0oUsjQLE4ntUT5E1J4jhjIKvghb-SV15l31VPcswsGfFpSg&scope=email+profile+https%3A%2F%2Fwww.googleapis.com%2Fauth%2Fuserinfo.profile+https%3A%2F%2Fwww.googleapis.com%2Fauth%2Fuserinfo.email+openid&authuser=0&prompt=consent [36m302[0m 571.190 ms - 46[0m
[0mGET / [32m200[0m 34.758 ms - 10400[0m
[0mGET /js/home_post_comments.js [33m404[0m 12.778 ms - 163[0m
[0mGET / [32m200[0m 70.926 ms - 10097[0m
[0mGET /js/home_post_comments.js [33m404[0m 10.405 ms - 163[0m
[0mGET / [36m304[0m 31.637 ms - -[0m
[0mGET /js/home_post_comments.js [33m404[0m 14.149 ms - 163[0m
[0mGET / [36m304[0m 22.865 ms - -[0m
[0mGET /js/home_post_comments.js [33m404[0m 6.874 ms - 163[0m
[0mGET / [36m304[0m 22.997 ms - -[0m
[0mGET /js/home_post_comments.js [33m404[0m 5.559 ms - 163[0m
[0mGET / [36m304[0m 24.792 ms - -[0m
[0mGET /js/home_post_comments.js [33m404[0m 9.493 ms - 163[0m
[0mGET / [36m304[0m 16.609 ms - -[0m
[0mGET /js/home_post_comments.js [33m404[0m 10.094 ms - 163[0m
[0mGET / [36m304[0m 17.661 ms - -[0m
[0mGET /js/home_post_comments.js [33m404[0m 11.738 ms - 163[0m
[0mGET /users/sign-out [36m302[0m 27.325 ms - 46[0m
[0mGET / [32m200[0m 24.975 ms - 7663[0m
[0mGET /js/home_post_comments.js [33m404[0m 5.427 ms - 163[0m
[0mGET /users/sign-in [36m304[0m 9.256 ms - -[0m
[0mGET /users/auth/google [36m302[0m 7.970 ms - 0[0m
[0mGET /users/auth/google/callback?code=4%2F0AZEOvhXjGK6E8KNr8MPG2Nw7_qU80utdP5RgZaBlWLA4sUuIv9ggdDxGNYSB98b_SvNOCA&scope=email+profile+https%3A%2F%2Fwww.googleapis.com%2Fauth%2Fuserinfo.profile+https%3A%2F%2Fwww.googleapis.com%2Fauth%2Fuserinfo.email+openid&authuser=0&prompt=consent [36m302[0m 792.943 ms - 46[0m
[0mGET / [32m200[0m 35.976 ms - 10400[0m
[0mGET /js/home_post_comments.js [33m404[0m 7.343 ms - 163[0m
[0mGET / [32m200[0m 142.957 ms - 10097[0m
[0mGET /js/home_post_comments.js [33m404[0m 16.918 ms - 163[0m
[0mGET /favicon.ico [33m404[0m 14.064 ms - 150[0m
[0mGET /users/sign-out [36m302[0m 31.165 ms - 46[0m
[0mGET / [32m200[0m 40.304 ms - 7663[0m
[0mGET /js/home_post_comments.js [33m404[0m 11.641 ms - 163[0m
[0mGET /users/sign-in [36m304[0m 9.977 ms - -[0m
[0mGET /users/auth/google [36m302[0m 7.653 ms - 0[0m
[0mGET /users/auth/google/callback?code=4%2F0AZEOvhUD-y2sPNorSHUozPRyAlW8vLikvcZ8XRh9pVEepvPUIUqB99hQwkH0IjJWgcswWQ&scope=email+profile+https%3A%2F%2Fwww.googleapis.com%2Fauth%2Fuserinfo.profile+https%3A%2F%2Fwww.googleapis.com%2Fauth%2Fuserinfo.email+openid&authuser=0&prompt=consent [36m302[0m 682.473 ms - 46[0m
[0mGET / [32m200[0m 39.702 ms - 10400[0m
[0mGET /js/home_post_comments.js [33m404[0m 6.926 ms - 163[0m
[0mGET /users/sign-out [36m302[0m 16.640 ms - 46[0m
[0mGET / [32m200[0m 33.691 ms - 7663[0m
[0mGET /js/home_post_comments.js [33m404[0m 11.910 ms - 163[0m
[0mGET /users/sign-in [36m304[0m 4.752 ms - -[0m
[0mPOST /users/create-session [36m302[0m 8.040 ms - 72[0m
[0mGET /users/sign-in [32m200[0m 4.586 ms - 4175[0m
[0mPOST /users/create-session [36m302[0m 8.788 ms - 72[0m
[0mGET /users/sign-in [36m304[0m 6.590 ms - -[0m
[0mGET /users/sign-up [32m200[0m 9.084 ms - 4289[0m
[0mGET /users/sign-in [32m200[0m 4.558 ms - 3872[0m
[0mPOST /users/create-session [36m302[0m 12.664 ms - 46[0m
[0mGET / [32m200[0m 27.861 ms - 10654[0m
[0mGET /js/home_post_comments.js [33m404[0m 8.438 ms - 163[0m
[0mPOST /posts/create [32m200[0m 56.367 ms - 239[0m
[0mGET /posts/destroy/64c816584232aae76dad7c1e [36m302[0m 29.036 ms - 88[0m
[0mGET / [32m200[0m 26.384 ms - 10667[0m
[0mGET /js/home_post_comments.js [33m404[0m 10.641 ms - 163[0m
[0mGET /users/sign-out [36m302[0m 14.045 ms - 46[0m
[0mGET / [32m200[0m 22.065 ms - 7663[0m
[0mGET /js/home_post_comments.js [33m404[0m 7.313 ms - 163[0m
[0mGET / [32m200[0m 67.421 ms - 7363[0m
[0mGET /js/home_post_comments.js [33m404[0m 13.607 ms - 163[0m
[0mGET /users/sign-in [36m304[0m 11.779 ms - -[0m
[0mGET /favicon.ico [33m404[0m 19.098 ms - 150[0m
[0mGET /favicon.ico [33m404[0m 6.722 ms - 150[0m
[0mGET /users/auth/google [36m302[0m 5.983 ms - 0[0m
[0mGET /users/auth/google [36m302[0m 3.064 ms - 0[0m
[0mGET /users/auth/google [36m302[0m 4.963 ms - 0[0m
[0mPOST /users/create-session [36m302[0m 9.821 ms - 72[0m
[0mGET /users/sign-in [32m200[0m 3.564 ms - 4175[0m
[0mPOST /users/create-session [36m302[0m 13.664 ms - 46[0m
[0mGET / [32m200[0m 26.856 ms - 10654[0m
[0mGET /js/home_post_comments.js [33m404[0m 6.965 ms - 163[0m
[0mGET /users/sign-out [36m302[0m 65.760 ms - 46[0m
[0mGET / [32m200[0m 78.288 ms - 7663[0m
[0mGET /js/home_post_comments.js [33m404[0m 7.962 ms - 163[0m
[0mGET /users/sign-in [32m200[0m 8.486 ms - 3872[0m
[0mGET /users/auth/google [36m302[0m 25.864 ms - 0[0m
[0mGET /users/auth/google [36m302[0m 9.392 ms - 0[0m
[0mGET / [32m200[0m 156.942 ms - 7363[0m
[0mGET /js/home_post_comments.js [33m404[0m 13.528 ms - 163[0m
[0mGET /users/sign-in [36m304[0m 9.514 ms - -[0m
[0mGET /users/auth/google [36m302[0m 8.677 ms - 0[0m
[0mPOST /users/create-session [36m302[0m 25.601 ms - 46[0m
[0mGET / [32m200[0m 44.664 ms - 10654[0m
[0mGET /js/home_post_comments.js [33m404[0m 13.395 ms - 163[0m
[0mGET /users/sign-out [36m302[0m 18.158 ms - 46[0m
[0mGET / [32m200[0m 34.147 ms - 7663[0m
[0mGET /js/home_post_comments.js [33m404[0m 6.248 ms - 163[0m
[0mGET /users/sign-in [36m304[0m 25.228 ms - -[0m
[0mGET /users/auth/google [36m302[0m 5.091 ms - 0[0m
[0mGET /users/auth/google [36m302[0m 5.796 ms - 0[0m
[0mGET / [32m200[0m 96.849 ms - 7363[0m
[0mGET /js/home_post_comments.js [33m404[0m 7.321 ms - 163[0m
[0mGET /users/sign-in [36m304[0m 8.926 ms - -[0m
[0mGET /users/auth/google [36m302[0m 9.536 ms - 0[0m
[0mGET /users/auth/google [36m302[0m 6.762 ms - 0[0m
[0mGET /users/auth/google [36m302[0m 6.576 ms - 0[0m
[0mGET / [36m304[0m 70.564 ms - -[0m
[0mGET /js/home_post_comments.js [33m404[0m 10.512 ms - 163[0m
[0mGET /favicon.ico [33m404[0m 2.924 ms - 150[0m
[0mGET /users/sign-in [36m304[0m 6.669 ms - -[0m
[0mGET /users/auth/google [36m302[0m 6.869 ms - 0[0m
[0mGET / [36m304[0m 24.851 ms - -[0m
[0mGET /js/home_post_comments.js [33m404[0m 3.037 ms - 163[0m
[0mGET /users/sign-in [36m304[0m 3.408 ms - -[0m
[0mGET /users/auth/google [36m302[0m 3.146 ms - 0[0m
[0mGET /users/auth/google/callback?code=4%2F0AZEOvhUoyyyG66Og2zxBQYHVWFR37YBr2k9H-S6B-MzxFgfUiYnKd8WGzj1ld-pEiYtqjA&scope=email+profile+https%3A%2F%2Fwww.googleapis.com%2Fauth%2Fuserinfo.profile+https%3A%2F%2Fwww.googleapis.com%2Fauth%2Fuserinfo.email+openid&authuser=0&prompt=consent [36m302[0m 585.287 ms - 46[0m
[0mGET / [32m200[0m 29.908 ms - 10400[0m
[0mGET /js/home_post_comments.js [33m404[0m 8.213 ms - 163[0m
[0mGET / [32m200[0m 195.619 ms - 7363[0m
[0mGET /js/home_post_comments.js [33m404[0m 16.749 ms - 163[0m
[0mGET /favicon.ico [33m404[0m 3.924 ms - 150[0m
[0mGET /8000 [33m404[0m 17.719 ms - 143[0m
[0mGET / [32m200[0m 139.163 ms - 7363[0m
[0mGET /js/home_post_comments.js [33m404[0m 11.480 ms - 163[0m
[0mGET /favicon.ico [33m404[0m 4.646 ms - 150[0m
[0mGET /users/sign-in [32m200[0m 11.862 ms - 3872[0m
[0mGET /users/auth/google [36m302[0m 6.585 ms - 0[0m
[0mGET /users/auth/google/callback?code=4%2F0Adeu5BWfXUuTxuPoXQqhOzhaxAiPU7kruAzCf1KfnvGk2Nn3ffHnLBMKbiPZBPh3YVXvHQ&scope=email+profile+https%3A%2F%2Fwww.googleapis.com%2Fauth%2Fuserinfo.profile+https%3A%2F%2Fwww.googleapis.com%2Fauth%2Fuserinfo.email+openid&authuser=1&prompt=consent [36m302[0m 749.889 ms - 46[0m
[0mGET / [32m200[0m 76.868 ms - 10400[0m
[0mGET /js/home_post_comments.js [33m404[0m 10.304 ms - 163[0m
